<?xml version="1.0" encoding="UTF-8"?>
<testsuite name="com.example.demo.MoodAnalyserTest" tests="2" skipped="0" failures="0" errors="0" timestamp="2022-09-14T13:31:01" hostname="DESKTOP-5IP3997" time="0.023">
  <properties/>
  <testcase name="testMoodAnalysis()" classname="com.example.demo.MoodAnalyserTest" time="0.021"/>
  <testcase name="HappyMoods()" classname="com.example.demo.MoodAnalyserTest" time="0.001"/>
  <system-out><![CDATA[]]></system-out>
  <system-err><![CDATA[]]></system-err>
</testsuite>
