<?xml version="1.0" encoding="UTF-8"?>
<testsuite name="com.example.demo.MoodAnalyserTest" tests="2" skipped="0" failures="0" errors="0" timestamp="2022-09-14T17:11:26" hostname="Geralds-Mini.broadband" time="0.092">
  <properties/>
  <testcase name="testMoodAnalysis()" classname="com.example.demo.MoodAnalyserTest" time="0.082"/>
  <testcase name="HappyMoods()" classname="com.example.demo.MoodAnalyserTest" time="0.002"/>
  <system-out><![CDATA[]]></system-out>
  <system-err><![CDATA[]]></system-err>
</testsuite>
